Arguments: 
  /usr/local/bin/node /snap/node/5645/bin/yarn.js global dir --json

PATH: 
  /usr/local/sbin:/usr/local/bin:/usr/sbin:/usr/bin:/sbin:/bin:/usr/games:/usr/local/games:/snap/bin

Yarn version: 
  1.22.15

Node version: 
  17.3.0

Platform: 
  linux x64

Trace: 
  Error: ../package.json: EACCES: permission denied, write
      at writeSync (node:fs:884:3)
      at SyncWriteStream._write (node:internal/fs/sync_write_stream:25:3)
      at writeOrBuffer (node:internal/streams/writable:390:12)
      at _write (node:internal/streams/writable:331:10)
      at SyncWriteStream.Writable.write (node:internal/streams/writable:335:10)
      at JSONReporter._dump (/snap/node/5645/lib/cli.js:49952:12)
      at JSONReporter.warn (/snap/node/5645/lib/cli.js:50000:10)
      at warn (/snap/node/5645/lib/cli.js:51701:23)
      at module.exports.exports.default (/snap/node/5645/lib/cli.js:37401:7)
      at /snap/node/5645/lib/cli.js:51712:51

npm manifest: 
  {
    "name": "my-second-node",
    "version": "1.0.0",
    "description": "",
    "main": "index.js",
    "scripts": {
      "start": "node index.js",
      "start-dev": "nodemon index.js",
      "test": "echo \"Error: no test specified\" && exit 1"
    },
    "keywords": [],
    "author": "",
    "license": "ISC",
    "dependencies": {
      "cors": "^2.8.5",
      "express": "^4.17.1",
      "nodemon": "^2.0.15"
    }
  }

yarn manifest: 
  No manifest

Lockfile: 
  No lockfile
